<?xml version="1.0" encoding="UTF-8"?>
<testng-results ignored="0" total="1" passed="1" failed="0" skipped="0">
  <reporter-output>
  </reporter-output>
  <suite started-at="2024-07-07T11:43:16 IST" name="Default suite" finished-at="2024-07-07T11:43:25 IST" duration-ms="9001">
    <groups>
    </groups>
    <test started-at="2024-07-07T11:43:16 IST" name="Default test" finished-at="2024-07-07T11:43:25 IST" duration-ms="9001">
      <class name="SDET201_Assignment_4.iframes">
        <test-method is-config="true" signature="bt()[pri:0, instance:SDET201_Assignment_4.iframes@6574a52c]" started-at="2024-07-07T11:43:16 IST" name="bt" finished-at="2024-07-07T11:43:24 IST" duration-ms="7779" status="PASS">
          <reporter-output>
          </reporter-output>
        </test-method> <!-- bt -->
        <test-method signature="frames()[pri:0, instance:SDET201_Assignment_4.iframes@6574a52c]" started-at="2024-07-07T11:43:24 IST" name="frames" finished-at="2024-07-07T11:43:25 IST" duration-ms="1078" status="PASS">
          <reporter-output>
          </reporter-output>
        </test-method> <!-- frames -->
      </class> <!-- SDET201_Assignment_4.iframes -->
    </test> <!-- Default test -->
  </suite> <!-- Default suite -->
</testng-results>
